
2025-01-28 11:59:07,896 - INFO - DataCleaner initialized.
2025-01-28 11:59:07,896 - INFO - Loading data...
2025-01-28 11:59:08,231 - INFO - Data loaded with shape: (95662, 16)
2025-01-28 11:59:08,231 - INFO - Inspecting data...
2025-01-28 11:59:08,231 - INFO - Columns: Index(['TransactionId', 'BatchId', 'AccountId', 'SubscriptionId', 'CustomerId',
       'CurrencyCode', 'CountryCode', 'ProviderId', 'ProductId',
       'ProductCategory', 'ChannelId', 'Amount', 'Value',
       'TransactionStartTime', 'PricingStrategy', 'FraudResult'],
      dtype='object')
2025-01-28 11:59:08,274 - INFO - Missing values:
TransactionId           0
BatchId                 0
AccountId               0
SubscriptionId          0
CustomerId              0
CurrencyCode            0
CountryCode             0
ProviderId              0
ProductId               0
ProductCategory         0
ChannelId               0
Amount                  0
Value                   0
TransactionStartTime    0
PricingStrategy         0
FraudResult             0
dtype: int64
2025-01-28 11:59:08,274 - INFO - Handling missing values...
2025-01-28 11:59:08,274 - INFO - Initial shape of data: (95662, 16)
2025-01-28 11:59:08,400 - INFO - Remaining missing values:
TransactionId           0
BatchId                 0
AccountId               0
SubscriptionId          0
CustomerId              0
CurrencyCode            0
CountryCode             0
ProviderId              0
ProductId               0
ProductCategory         0
ChannelId               0
Amount                  0
Value                   0
TransactionStartTime    0
PricingStrategy         0
FraudResult             0
dtype: int64
2025-01-28 11:59:08,424 - INFO - Dropped columns with > 80.0% missing values: []
2025-01-28 11:59:08,424 - INFO - Final shape of data after handling missing values: (95662, 16)
2025-01-28 11:59:08,424 - INFO - Handling outliers...
2025-01-28 11:59:08,432 - INFO - Column CountryCode: 0 outliers detected
2025-01-28 11:59:08,460 - INFO - Column Amount: 24441 outliers detected
2025-01-28 11:59:08,490 - INFO - Column Value: 6948 outliers detected
2025-01-28 11:59:08,515 - INFO - Column PricingStrategy: 6988 outliers detected
2025-01-28 11:59:08,538 - INFO - Column FraudResult: 2 outliers detected
2025-01-28 11:59:08,554 - INFO - Data shape after removing outliers: (57283, 16)
2025-01-28 11:59:08,555 - INFO - Converting data types...
2025-01-28 11:59:08,555 - INFO - Saving cleaned data...
2025-01-28 11:59:09,288 - INFO - Cleaned data saved to ../data/processed/cleaned_data.csv
