2025-01-28 11:50:30,094 - INFO - EDA initialized.
2025-01-28 11:50:30,095 - INFO - Loading cleaned data...
2025-01-28 11:50:30,100 - INFO - Cleaned data loaded with shape: (0, 16)
2025-01-28 11:50:30,100 - INFO - Plotting distributions...
2025-01-28 11:50:30,100 - INFO - Analyzing correlations...
2025-01-28 12:01:41,625 - INFO - EDA initialized.
2025-01-28 12:01:41,625 - INFO - Loading cleaned data...
2025-01-28 12:01:41,821 - INFO - Cleaned data loaded with shape: (57283, 16)
2025-01-28 12:01:41,821 - INFO - Plotting distributions...
2025-01-28 12:15:51,781 - INFO - EDA initialized.
2025-01-28 12:15:59,454 - INFO - Loading cleaned data...
2025-01-28 12:15:59,901 - INFO - Cleaned data loaded with shape: (57283, 16)
2025-01-28 12:16:32,511 - INFO - Plotting distributions...
2025-01-28 12:40:04,078 - INFO - EDA initialized.
2025-01-28 12:40:58,922 - INFO - Loading cleaned data...
2025-01-28 12:40:59,343 - INFO - Cleaned data loaded with shape: (57283, 16)
2025-01-28 12:44:00,614 - INFO - EDA initialized.
2025-01-28 12:44:03,823 - INFO - Loading cleaned data...
2025-01-28 12:44:04,444 - INFO - Cleaned data loaded with shape: (57283, 16)
2025-01-28 12:44:26,166 - INFO - Loading cleaned data...
2025-01-28 12:44:27,392 - INFO - Cleaned data loaded with shape: (57283, 16)
2025-01-28 12:44:27,396 - INFO - Plotting distributions...
2025-01-28 12:44:51,746 - INFO - EDA initialized.
2025-01-28 12:44:57,889 - INFO - Loading cleaned data...
2025-01-28 12:44:59,246 - INFO - Cleaned data loaded with shape: (57283, 16)
