2025-01-28 12:32:39,682 - INFO - Detailed EDA initialized.
2025-01-28 12:32:39,682 - INFO - Loading cleaned data...
2025-01-28 12:32:40,073 - INFO - Data loaded with shape: (57283, 16)
2025-01-28 12:32:40,073 - INFO - Generating data overview...
2025-01-28 12:32:40,130 - INFO - Generating summary statistics...
2025-01-28 12:32:40,772 - INFO - Plotting numerical feature distributions...
2025-01-28 12:36:42,754 - INFO - Detailed EDA initialized.
2025-01-28 12:36:42,755 - INFO - Loading cleaned data...
2025-01-28 12:36:42,988 - INFO - Data loaded with shape: (57283, 16)
2025-01-28 12:36:42,988 - INFO - Generating data overview...
2025-01-28 12:36:43,028 - INFO - Generating summary statistics...
2025-01-28 12:36:43,245 - INFO - Plotting numerical feature distributions...
2025-01-28 12:37:02,475 - INFO - Plotting categorical feature distributions...
2025-01-28 12:45:57,235 - INFO - EDA initialized.
2025-01-28 12:45:57,236 - INFO - Loading cleaned data...
2025-01-28 12:45:57,586 - INFO - Data loaded with shape: (57283, 16)
2025-01-28 12:45:57,587 - INFO - Generating data overview...
2025-01-28 12:45:57,626 - INFO - Generating summary statistics...
2025-01-28 12:45:57,982 - INFO - Plotting numerical feature distributions...
2025-01-28 12:46:19,456 - INFO - Plotting categorical feature distributions...
2025-01-28 13:21:04,039 - INFO - EDA initialized.
2025-01-28 13:21:07,413 - INFO - Loading cleaned data...
2025-01-28 13:21:08,282 - INFO - Data loaded with shape: (57283, 16)
2025-01-28 13:21:11,809 - INFO - Generating data overview...
2025-01-28 13:22:00,516 - INFO - Generating summary statistics...
2025-01-28 13:22:35,541 - INFO - Plotting numerical feature distributions...
2025-01-28 13:23:28,693 - INFO - Plotting categorical feature distributions...
2025-01-28 13:32:20,461 - INFO - EDA initialized.
2025-01-28 13:32:23,068 - INFO - Loading cleaned data...
2025-01-28 13:32:23,833 - INFO - Data loaded with shape: (57283, 16)
2025-01-28 13:32:28,763 - INFO - Generating data overview...
2025-01-28 13:32:33,183 - INFO - Generating summary statistics...
2025-01-28 13:32:48,641 - INFO - Plotting numerical feature distributions...
2025-01-28 13:33:10,363 - INFO - Plotting categorical feature distributions...
2025-01-28 13:35:40,465 - INFO - EDA initialized.
2025-01-28 13:35:43,062 - INFO - Loading cleaned data...
2025-01-28 13:35:43,605 - INFO - Data loaded with shape: (57283, 16)
2025-01-28 13:35:53,424 - INFO - Plotting numerical feature distributions...
2025-01-28 13:36:05,199 - INFO - Plotting categorical feature distributions...
2025-01-28 13:36:16,309 - INFO - Using categorical units to plot a list of strings that are all parsable as floats or dates. If these strings should be plotted as numbers, cast to the appropriate data type before plotting.
2025-01-28 13:36:16,339 - INFO - Using categorical units to plot a list of strings that are all parsable as floats or dates. If these strings should be plotted as numbers, cast to the appropriate data type before plotting.
2025-01-28 13:36:58,217 - INFO - Analyzing correlations...
